    Blocking waiting for file lock on package cache
    Blocking waiting for file lock on package cache
    Blocking waiting for file lock on package cache
    Blocking waiting for file lock on build directory
    Checking types v0.1.0 (/home/casibbald/Workspace/microscaler/opengroupware/crates/types)
    Checking service-kit v0.1.0 (/home/casibbald/Workspace/microscaler/opengroupware/crates/service-kit)
    Checking config-schema v0.1.0 (/home/casibbald/Workspace/microscaler/opengroupware/crates/config-schema)
warning: this function has too many arguments (9/8)
   --> crates/types/src/providers/mail.rs:107:28
    |
107 |   #[async_trait::async_trait]
    |  ____________________________^
108 | | pub trait MailProvider: Send + Sync {
...   |
206 | |     /// Search messages in a tenant's mailboxes.
207 | |     async fn search_messages(
    | |____^
    |
    = help: for further information visit https://rust-lang.github.io/rust-clippy/rust-1.97.0/index.html#too_many_arguments
    = note: requested on the command line with `-W clippy::too-many-arguments`

warning: this function has too many arguments (9/8)
  --> crates/types/src/providers/search.rs:8:28
   |
 8 |   #[async_trait::async_trait]
   |  ____________________________^
 9 | | pub trait SearchProvider: Send + Sync {
10 | |     /// Index a message for full-text search.
11 | |     async fn index_message(
...  |
25 | |     /// Search messages across a tenant's mailboxes.
26 | |     async fn search(
   | |____^
   |
   = help: for further information visit https://rust-lang.github.io/rust-clippy/rust-1.97.0/index.html#too_many_arguments

warning: `types` (lib test) generated 2 warnings
warning: `types` (lib) generated 2 warnings (2 duplicates)
    Checking wrappers v0.1.0 (/home/casibbald/Workspace/microscaler/opengroupware/crates/wrappers)
    Checking admin-api v0.1.0 (/home/casibbald/Workspace/microscaler/opengroupware/crates/admin-api)
    Checking job-runner v0.1.0 (/home/casibbald/Workspace/microscaler/opengroupware/crates/job-runner)
    Checking abuse-api v0.1.0 (/home/casibbald/Workspace/microscaler/opengroupware/crates/abuse-api)
    Checking config-compiler v0.1.0 (/home/casibbald/Workspace/microscaler/opengroupware/crates/config-compiler)
warning: fields `access_key`, `secret_key`, and `use_ssl` are never read
  --> crates/wrappers/src/minio_storage.rs:9:5
   |
 6 | pub struct MinioStorageProvider {
   |            -------------------- fields in this struct
...
 9 |     access_key: String,
   |     ^^^^^^^^^^
10 |     secret_key: String,
   |     ^^^^^^^^^^
11 |     use_ssl: bool,
   |     ^^^^^^^
   |
   = note: requested on the command line with `-W dead-code`

warning: field `config` is never read
  --> crates/wrappers/src/rspamd_abuse.rs:19:5
   |
18 | pub struct RspamdAbuseProvider {
   |            ------------------- field in this struct
19 |     config: RspamdConfig,
   |     ^^^^^^

warning: fields `api_url` and `admin_api_key` are never read
  --> crates/wrappers/src/stalwart.rs:13:5
   |
12 | pub struct StalwartClient {
   |            -------------- fields in this struct
13 |     api_url: String,
   |     ^^^^^^^
14 |     admin_api_key: String,
   |     ^^^^^^^^^^^^^
   |
   = note: `StalwartClient` has derived impls for the traits `Clone` and `Debug`, but these are intentionally ignored during dead code analysis

warning: method `tenant_path` is never used
  --> crates/wrappers/src/stalwart.rs:26:8
   |
17 | impl StalwartClient {
   | ------------------- method in this implementation
...
26 |     fn tenant_path(&self, tenant_id: Uuid) -> String {
   |        ^^^^^^^^^^^

warning: fields `client_url` and `admin_api_key` are never read
  --> crates/wrappers/src/stalwart_backup.rs:9:5
   |
 8 | pub struct StalwartBackupProvider {
   |            ---------------------- fields in this struct
 9 |     client_url: String,
   |     ^^^^^^^^^^
10 |     admin_api_key: String,
   |     ^^^^^^^^^^^^^

warning: fields `client_url` and `admin_api_key` are never read
  --> crates/wrappers/src/stalwart_identity.rs:9:5
   |
 8 | pub struct StalwartIdentityProvider {
   |            ------------------------ fields in this struct
 9 |     client_url: String,
   |     ^^^^^^^^^^
10 |     admin_api_key: String,
   |     ^^^^^^^^^^^^^

warning: field `config` is never read
  --> crates/wrappers/src/tantivy_search.rs:16:5
   |
15 | pub struct TantivySearchProvider {
   |            --------------------- field in this struct
16 |     config: TantivyIndexConfig,
   |     ^^^^^^

warning: this function has too many arguments (9/8)
   --> crates/wrappers/src/stalwart.rs:178:5
    |
178 | /     pub async fn message_search(
179 | |         &self,
180 | |         _ctx: &ProviderContext,
181 | |         query: &str,
...   |
187 | |         limit: u32,
188 | |     ) -> Result<Page<SearchResult>, ProviderError> {
    | |__________________________________________________^
    |
    = help: for further information visit https://rust-lang.github.io/rust-clippy/rust-1.97.0/index.html#too_many_arguments
    = note: requested on the command line with `-W clippy::too-many-arguments`

warning: unused `async` for function with no await statements
  --> crates/wrappers/src/stalwart.rs:32:5
   |
32 | /     pub async fn tenant_create(&self, ctx: &ProviderContext) -> Result<(), ProviderError> {
33 | |         // TODO: POST /api/tenants with tenant config
34 | |         // Maps to: STALWART_TENANT_CREATE
35 | |         let _ = ctx;
36 | |         Ok(())
37 | |     }
   | |_____^
   |
   = help: consider removing the `async` from this function
   = help: for further information visit https://rust-lang.github.io/rust-clippy/rust-1.97.0/index.html#unused_async
   = note: `-W clippy::unused-async` implied by `-W clippy::pedantic`
   = help: to override `-W clippy::pedantic` add `#[allow(clippy::unused_async)]`

warning: unused `async` for function with no await statements
  --> crates/wrappers/src/stalwart.rs:39:5
   |
39 | /     pub async fn tenant_suspend(&self, _ctx: &ProviderContext) -> Result<(), ProviderError> {
40 | |         // TODO: PATCH /api/tenants/:id with status=suspended
41 | |         // Maps to: STALWART_TENANT_SUSPEND
42 | |         Ok(())
43 | |     }
   | |_____^
   |
   = help: consider removing the `async` from this function
   = help: for further information visit https://rust-lang.github.io/rust-clippy/rust-1.97.0/index.html#unused_async

warning: unused `async` for function with no await statements
  --> crates/wrappers/src/stalwart.rs:45:5
   |
45 | /     pub async fn tenant_terminate(&self, _ctx: &ProviderContext) -> Result<(), ProviderError> {
46 | |         // TODO: DELETE /api/tenants/:id
47 | |         // Maps to: STALWART_TENANT_TERMINATE
48 | |         Ok(())
49 | |     }
   | |_____^
   |
   = help: consider removing the `async` from this function
   = help: for further information visit https://rust-lang.github.io/rust-clippy/rust-1.97.0/index.html#unused_async

warning: unused `async` for function with no await statements
  --> crates/wrappers/src/stalwart.rs:53:5
   |
53 | /     pub async fn account_create(
54 | |         &self,
55 | |         _ctx: &ProviderContext,
56 | |         email: &str,
...  |
62 | |         Ok(Uuid::new_v4())
63 | |     }
   | |_____^
   |
   = help: consider removing the `async` from this function
   = help: for further information visit https://rust-lang.github.io/rust-clippy/rust-1.97.0/index.html#unused_async

warning: unused `async` for function with no await statements
  --> crates/wrappers/src/stalwart.rs:65:5
   |
65 | /     pub async fn account_delete(
66 | |         &self,
67 | |         _ctx: &ProviderContext,
68 | |         account_id: Uuid,
...  |
73 | |         Ok(())
74 | |     }
   | |_____^
   |
   = help: consider removing the `async` from this function
   = help: for further information visit https://rust-lang.github.io/rust-clippy/rust-1.97.0/index.html#unused_async

warning: unused `async` for function with no await statements
  --> crates/wrappers/src/stalwart.rs:76:5
   |
76 | /     pub async fn account_list(
77 | |         &self,
78 | |         _ctx: &ProviderContext,
79 | |         cursor: Option<String>,
...  |
85 | |         Ok(ListResponse { items: vec![] })
86 | |     }
   | |_____^
   |
   = help: consider removing the `async` from this function
   = help: for further information visit https://rust-lang.github.io/rust-clippy/rust-1.97.0/index.html#unused_async

warning: unused `async` for function with no await statements
   --> crates/wrappers/src/stalwart.rs:90:5
    |
 90 | /     pub async fn mailbox_create(
 91 | |         &self,
 92 | |         _ctx: &ProviderContext,
 93 | |         account_id: Uuid,
...   |
100 | |         Ok(Uuid::new_v4())
101 | |     }
    | |_____^
    |
    = help: consider removing the `async` from this function
    = help: for further information visit https://rust-lang.github.io/rust-clippy/rust-1.97.0/index.html#unused_async

warning: unused `async` for function with no await statements
   --> crates/wrappers/src/stalwart.rs:103:5
    |
103 | /     pub async fn mailbox_delete(
104 | |         &self,
105 | |         _ctx: &ProviderContext,
106 | |         account_id: Uuid,
...   |
112 | |         Ok(())
113 | |     }
    | |_____^
    |
    = help: consider removing the `async` from this function
    = help: for further information visit https://rust-lang.github.io/rust-clippy/rust-1.97.0/index.html#unused_async

warning: unused `async` for function with no await statements
   --> crates/wrappers/src/stalwart.rs:115:5
    |
115 | /     pub async fn mailbox_list(
116 | |         &self,
117 | |         _ctx: &ProviderContext,
118 | |         account_id: Uuid,
...   |
123 | |         Ok(vec![])
124 | |     }
    | |_____^
    |
    = help: consider removing the `async` from this function
    = help: for further information visit https://rust-lang.github.io/rust-clippy/rust-1.97.0/index.html#unused_async

warning: unused `async` for function with no await statements
   --> crates/wrappers/src/stalwart.rs:128:5
    |
128 | /     pub async fn message_store(
129 | |         &self,
130 | |         _ctx: &ProviderContext,
131 | |         raw: RawMessage,
...   |
136 | |         Ok(Uuid::new_v4())
137 | |     }
    | |_____^
    |
    = help: consider removing the `async` from this function
    = help: for further information visit https://rust-lang.github.io/rust-clippy/rust-1.97.0/index.html#unused_async

warning: unused `async` for function with no await statements
   --> crates/wrappers/src/stalwart.rs:139:5
    |
139 | /     pub async fn message_get(
140 | |         &self,
141 | |         _ctx: &ProviderContext,
142 | |         account_id: Uuid,
...   |
150 | |         ))
151 | |     }
    | |_____^
    |
    = help: consider removing the `async` from this function
    = help: for further information visit https://rust-lang.github.io/rust-clippy/rust-1.97.0/index.html#unused_async

warning: unused `async` for function with no await statements
   --> crates/wrappers/src/stalwart.rs:153:5
    |
153 | /     pub async fn message_update_flags(
154 | |         &self,
155 | |         _ctx: &ProviderContext,
156 | |         account_id: Uuid,
...   |
163 | |         Ok(())
164 | |     }
    | |_____^
    |
    = help: consider removing the `async` from this function
    = help: for further information visit https://rust-lang.github.io/rust-clippy/rust-1.97.0/index.html#unused_async

warning: unused `async` for function with no await statements
   --> crates/wrappers/src/stalwart.rs:166:5
    |
166 | /     pub async fn message_delete(
167 | |         &self,
168 | |         _ctx: &ProviderContext,
169 | |         account_id: Uuid,
...   |
175 | |         Ok(())
176 | |     }
    | |_____^
    |
    = help: consider removing the `async` from this function
    = help: for further information visit https://rust-lang.github.io/rust-clippy/rust-1.97.0/index.html#unused_async

warning: unused `async` for function with no await statements
   --> crates/wrappers/src/stalwart.rs:178:5
    |
178 | /     pub async fn message_search(
179 | |         &self,
180 | |         _ctx: &ProviderContext,
181 | |         query: &str,
...   |
196 | |         })
197 | |     }
    | |_____^
    |
    = help: consider removing the `async` from this function
    = help: for further information visit https://rust-lang.github.io/rust-clippy/rust-1.97.0/index.html#unused_async

warning: unused `async` for function with no await statements
   --> crates/wrappers/src/stalwart.rs:201:5
    |
201 | /     pub async fn attachment_list(
202 | |         &self,
203 | |         _ctx: &ProviderContext,
204 | |         message_id: Uuid,
...   |
209 | |         Ok(vec![])
210 | |     }
    | |_____^
    |
    = help: consider removing the `async` from this function
    = help: for further information visit https://rust-lang.github.io/rust-clippy/rust-1.97.0/index.html#unused_async

warning: unused `async` for function with no await statements
   --> crates/wrappers/src/stalwart.rs:212:5
    |
212 | /     pub async fn attachment_get(
213 | |         &self,
214 | |         _ctx: &ProviderContext,
215 | |         blob_key: &str,
...   |
222 | |         ))
223 | |     }
    | |_____^
    |
    = help: consider removing the `async` from this function
    = help: for further information visit https://rust-lang.github.io/rust-clippy/rust-1.97.0/index.html#unused_async

warning: unused `async` for function with no await statements
   --> crates/wrappers/src/stalwart.rs:227:5
    |
227 | /     pub async fn event_create(
228 | |         &self,
229 | |         _ctx: &ProviderContext,
230 | |         event: CalendarEvent,
...   |
235 | |         Ok(Uuid::new_v4())
236 | |     }
    | |_____^
    |
    = help: consider removing the `async` from this function
    = help: for further information visit https://rust-lang.github.io/rust-clippy/rust-1.97.0/index.html#unused_async

warning: unused `async` for function with no await statements
   --> crates/wrappers/src/stalwart.rs:238:5
    |
238 | /     pub async fn event_get(
239 | |         &self,
240 | |         _ctx: &ProviderContext,
241 | |         event_id: Uuid,
...   |
248 | |         ))
249 | |     }
    | |_____^
    |
    = help: consider removing the `async` from this function
    = help: for further information visit https://rust-lang.github.io/rust-clippy/rust-1.97.0/index.html#unused_async

warning: unused `async` for function with no await statements
   --> crates/wrappers/src/stalwart.rs:251:5
    |
251 | /     pub async fn event_list(
252 | |         &self,
253 | |         _ctx: &ProviderContext,
254 | |         account_id: Uuid,
...   |
261 | |         Ok(vec![])
262 | |     }
    | |_____^
    |
    = help: consider removing the `async` from this function
    = help: for further information visit https://rust-lang.github.io/rust-clippy/rust-1.97.0/index.html#unused_async

warning: unused `async` for function with no await statements
   --> crates/wrappers/src/stalwart.rs:266:5
    |
266 | /     pub async fn contact_create(
267 | |         &self,
268 | |         _ctx: &ProviderContext,
269 | |         contact: Contact,
...   |
274 | |         Ok(Uuid::new_v4())
275 | |     }
    | |_____^
    |
    = help: consider removing the `async` from this function
    = help: for further information visit https://rust-lang.github.io/rust-clippy/rust-1.97.0/index.html#unused_async

warning: unused `async` for function with no await statements
   --> crates/wrappers/src/stalwart.rs:277:5
    |
277 | /     pub async fn contact_list(
278 | |         &self,
279 | |         _ctx: &ProviderContext,
280 | |         account_id: Uuid,
...   |
285 | |         Ok(vec![])
286 | |     }
    | |_____^
    |
    = help: consider removing the `async` from this function
    = help: for further information visit https://rust-lang.github.io/rust-clippy/rust-1.97.0/index.html#unused_async

warning: unused `async` for function with no await statements
   --> crates/wrappers/src/stalwart.rs:290:5
    |
290 | /     pub async fn resource_create(
291 | |         &self,
292 | |         _ctx: &ProviderContext,
293 | |         resource: Resource,
...   |
298 | |         Ok(Uuid::new_v4())
299 | |     }
    | |_____^
    |
    = help: consider removing the `async` from this function
    = help: for further information visit https://rust-lang.github.io/rust-clippy/rust-1.97.0/index.html#unused_async

warning: unused `async` for function with no await statements
   --> crates/wrappers/src/stalwart.rs:301:5
    |
301 | /     pub async fn resource_book(
302 | |         &self,
303 | |         _ctx: &ProviderContext,
304 | |         resource_id: Uuid,
...   |
312 | |         Ok(Uuid::new_v4())
313 | |     }
    | |_____^
    |
    = help: consider removing the `async` from this function
    = help: for further information visit https://rust-lang.github.io/rust-clippy/rust-1.97.0/index.html#unused_async

warning: unused `async` for function with no await statements
   --> crates/wrappers/src/stalwart.rs:315:5
    |
315 | /     pub async fn booking_cancel(
316 | |         &self,
317 | |         _ctx: &ProviderContext,
318 | |         booking_id: Uuid,
...   |
323 | |         Ok(())
324 | |     }
    | |_____^
    |
    = help: consider removing the `async` from this function
    = help: for further information visit https://rust-lang.github.io/rust-clippy/rust-1.97.0/index.html#unused_async

warning: unused `async` for function with no await statements
   --> crates/wrappers/src/stalwart.rs:328:5
    |
328 | /     pub async fn sieve_install(
329 | |         &self,
330 | |         _ctx: &ProviderContext,
331 | |         script: types::SieveScript,
...   |
336 | |         Ok(())
337 | |     }
    | |_____^
    |
    = help: consider removing the `async` from this function
    = help: for further information visit https://rust-lang.github.io/rust-clippy/rust-1.97.0/index.html#unused_async

warning: unused `async` for function with no await statements
   --> crates/wrappers/src/stalwart.rs:339:5
    |
339 | /     pub async fn sieve_list(
340 | |         &self,
341 | |         _ctx: &ProviderContext,
342 | |         mailbox_id: Uuid,
...   |
347 | |         Ok(vec![])
348 | |     }
    | |_____^
    |
    = help: consider removing the `async` from this function
    = help: for further information visit https://rust-lang.github.io/rust-clippy/rust-1.97.0/index.html#unused_async

warning: `wrappers` (lib) generated 34 warnings
    Checking admin-console v0.1.0 (/home/casibbald/Workspace/microscaler/opengroupware/crates/admin-console)
warning: `wrappers` (lib test) generated 34 warnings (34 duplicates)
    Checking webmail v0.1.0 (/home/casibbald/Workspace/microscaler/opengroupware/crates/webmail)
warning: function `fetch_tenants` is never used
  --> crates/admin-console/src/app.rs:99:14
   |
99 | pub async fn fetch_tenants() -> Result<Vec<Tenant>, String> {
   |              ^^^^^^^^^^^^^
   |
   = note: requested on the command line with `-W dead-code`

warning: function `fetch_accounts` is never used
  --> crates/webmail/src/app.rs:92:14
   |
92 | pub async fn fetch_accounts(tenant_id: Uuid) -> Result<Vec<Account>, String> {
   |              ^^^^^^^^^^^^^^
   |
   = note: requested on the command line with `-W dead-code`

warning: function `fetch_mailboxes` is never used
  --> crates/webmail/src/app.rs:97:14
   |
97 | pub async fn fetch_mailboxes(tenant_id: Uuid, account_id: Uuid) -> Result<Vec<Mailbox>, String> {
   |              ^^^^^^^^^^^^^^^

warning: unused `async` for function with no await statements
   --> crates/admin-console/src/app.rs:99:1
    |
 99 | / pub async fn fetch_tenants() -> Result<Vec<Tenant>, String> {
100 | |     // TODO: wire to admin-api endpoint
101 | |     Err("Not yet wired".to_string())
102 | | }
    | |_^
    |
    = help: consider removing the `async` from this function
    = help: for further information visit https://rust-lang.github.io/rust-clippy/rust-1.97.0/index.html#unused_async
    = note: `-W clippy::unused-async` implied by `-W clippy::pedantic`
    = help: to override `-W clippy::pedantic` add `#[allow(clippy::unused_async)]`

warning: unused `async` for function with no await statements
  --> crates/webmail/src/app.rs:92:1
   |
92 | / pub async fn fetch_accounts(tenant_id: Uuid) -> Result<Vec<Account>, String> {
93 | |     let _ = tenant_id;
94 | |     Err("Not yet wired".to_string())
95 | | }
   | |_^
   |
   = help: consider removing the `async` from this function
   = help: for further information visit https://rust-lang.github.io/rust-clippy/rust-1.97.0/index.html#unused_async
   = note: `-W clippy::unused-async` implied by `-W clippy::pedantic`
   = help: to override `-W clippy::pedantic` add `#[allow(clippy::unused_async)]`

warning: unused `async` for function with no await statements
   --> crates/webmail/src/app.rs:97:1
    |
 97 | / pub async fn fetch_mailboxes(tenant_id: Uuid, account_id: Uuid) -> Result<Vec<Mailbox>, String> {
 98 | |     let _ = (tenant_id, account_id);
 99 | |     Err("Not yet wired".to_string())
100 | | }
    | |_^
    |
    = help: consider removing the `async` from this function
    = help: for further information visit https://rust-lang.github.io/rust-clippy/rust-1.97.0/index.html#unused_async

warning: `admin-console` (bin "admin-console") generated 2 warnings
warning: `webmail` (bin "webmail" test) generated 4 warnings (4 duplicates)
warning: `webmail` (bin "webmail") generated 4 warnings
warning: `admin-console` (bin "admin-console" test) generated 2 warnings (2 duplicates)
    Finished `dev` profile [unoptimized + debuginfo] target(s) in 2.42s
warning: the following packages contain code that will be rejected by a future version of Rust: proc-macro-error2 v2.0.1
note: to see what the problems were, use the option `--future-incompat-report`, or run `cargo report future-incompatibilities --id 1`
